# JRE version: OpenJDK Runtime Environment (17.0.2+8) (build 17.0.2+8-86)
# Java VM: OpenJDK 64-Bit Server VM (17.0.2+8-86, mixed mode, sharing, tiered, compressed oops, compressed class ptrs, g1 gc, windows-amd64)
GC Precious Log:
 CPUs: 8 total, 8 available
 Memory: 32724M
 Large Page Support: Disabled
 NUMA Support: Disabled
 Compressed Oops: Enabled (32-bit)
 Heap Region Size: 1M
 Heap Min Capacity: 8M
 Heap Initial Capacity: 512M
 Heap Max Capacity: 1G
 Pre-touch: Disabled
 Parallel Workers: 8
 Concurrent Workers: 2
 Concurrent Refinement Workers: 8
 Periodic GC: Disabled
Heap:
 garbage-first heap   total 394240K, used 194379K [0x00000000c0000000, 0x0000000100000000)
  region size 1024K, 22 young (22528K), 2 survivors (2048K)
 Metaspace       used 94359K, committed 95040K, reserved 1130496K
  class space    used 13074K, committed 13376K, reserved 1048576K
GC Heap History (20 events):
Event: 13.694 GC heap before
{Heap before GC invocations=47 (full 0):
 garbage-first heap   total 165888K, used 101013K [0x00000000c0000000, 0x0000000100000000)
  region size 1024K, 8 young (8192K), 4 survivors (4096K)
 Metaspace       used 85449K, committed 86080K, reserved 1130496K
  class space    used 11662K, committed 11968K, reserved 1048576K
}
Event: 13.698 GC heap after
{Heap after GC invocations=48 (full 0):
 garbage-first heap   total 165888K, used 98091K [0x00000000c0000000, 0x0000000100000000)
  region size 1024K, 1 young (1024K), 1 survivors (1024K)
 Metaspace       used 85449K, committed 86080K, reserved 1130496K
  class space    used 11662K, committed 11968K, reserved 1048576K
}
Event: 14.357 GC heap before
{Heap before GC invocations=48 (full 0):
 garbage-first heap   total 165888K, used 154411K [0x00000000c0000000, 0x0000000100000000)
  region size 1024K, 37 young (37888K), 1 survivors (1024K)
 Metaspace       used 88887K, committed 89472K, reserved 1130496K
  class space    used 12126K, committed 12416K, reserved 1048576K
}
Event: 14.362 GC heap after
{Heap after GC invocations=49 (full 0):
 garbage-first heap   total 165888K, used 114437K [0x00000000c0000000, 0x0000000100000000)
  region size 1024K, 5 young (5120K), 5 survivors (5120K)
 Metaspace       used 88887K, committed 89472K, reserved 1130496K
  class space    used 12126K, committed 12416K, reserved 1048576K
}
Event: 14.562 GC heap before
{Heap before GC invocations=49 (full 0):
 garbage-first heap   total 165888K, used 139013K [0x00000000c0000000, 0x0000000100000000)
  region size 1024K, 28 young (28672K), 5 survivors (5120K)
 Metaspace       used 88891K, committed 89472K, reserved 1130496K
  class space    used 12126K, committed 12416K, reserved 1048576K
}
Event: 14.570 GC heap after
{Heap after GC invocations=50 (full 0):
 garbage-first heap   total 165888K, used 124214K [0x00000000c0000000, 0x0000000100000000)
  region size 1024K, 4 young (4096K), 4 survivors (4096K)
 Metaspace       used 88891K, committed 89472K, reserved 1130496K
  class space    used 12126K, committed 12416K, reserved 1048576K
}
Event: 14.687 GC heap before
{Heap before GC invocations=50 (full 0):
 garbage-first heap   total 165888K, used 136502K [0x00000000c0000000, 0x0000000100000000)
  region size 1024K, 16 young (16384K), 4 survivors (4096K)
 Metaspace       used 90590K, committed 91264K, reserved 1130496K
  class space    used 12542K, committed 12864K, reserved 1048576K
}
Event: 14.694 GC heap after
{Heap after GC invocations=51 (full 0):
 garbage-first heap   total 199680K, used 127655K [0x00000000c0000000, 0x0000000100000000)
  region size 1024K, 2 young (2048K), 2 survivors (2048K)
 Metaspace       used 90590K, committed 91264K, reserved 1130496K
  class space    used 12542K, committed 12864K, reserved 1048576K
}
Event: 14.942 GC heap before
{Heap before GC invocations=52 (full 0):
 garbage-first heap   total 230400K, used 158375K [0x00000000c0000000, 0x0000000100000000)
  region size 1024K, 32 young (32768K), 2 survivors (2048K)
 Metaspace       used 91160K, committed 91776K, reserved 1130496K
  class space    used 12615K, committed 12928K, reserved 1048576K
}
Event: 14.957 GC heap after
{Heap after GC invocations=53 (full 0):
 garbage-first heap   total 230400K, used 142282K [0x00000000c0000000, 0x0000000100000000)
  region size 1024K, 4 young (4096K), 4 survivors (4096K)
 Metaspace       used 91160K, committed 91776K, reserved 1130496K
  class space    used 12615K, committed 12928K, reserved 1048576K
}
Event: 14.986 GC heap before
{Heap before GC invocations=53 (full 0):
 garbage-first heap   total 230400K, used 149450K [0x00000000c0000000, 0x0000000100000000)
  region size 1024K, 11 young (11264K), 4 survivors (4096K)
 Metaspace       used 91192K, committed 91840K, reserved 1130496K
  class space    used 12616K, committed 12928K, reserved 1048576K
}
Event: 14.995 GC heap after
{Heap after GC invocations=54 (full 0):
 garbage-first heap   total 230400K, used 146164K [0x00000000c0000000, 0x0000000100000000)
  region size 1024K, 2 young (2048K), 2 survivors (2048K)
 Metaspace       used 91192K, committed 91840K, reserved 1130496K
  class space    used 12616K, committed 12928K, reserved 1048576K
}
Event: 15.075 GC heap before
{Heap before GC invocations=54 (full 0):
 garbage-first heap   total 230400K, used 177908K [0x00000000c0000000, 0x0000000100000000)
  region size 1024K, 33 young (33792K), 2 survivors (2048K)
 Metaspace       used 91207K, committed 91840K, reserved 1130496K
  class space    used 12617K, committed 12928K, reserved 1048576K
}
Event: 15.087 GC heap after
{Heap after GC invocations=55 (full 0):
 garbage-first heap   total 230400K, used 162671K [0x00000000c0000000, 0x0000000100000000)
  region size 1024K, 5 young (5120K), 5 survivors (5120K)
 Metaspace       used 91207K, committed 91840K, reserved 1130496K
  class space    used 12617K, committed 12928K, reserved 1048576K
}
Event: 15.366 GC heap before
{Heap before GC invocations=55 (full 0):
 garbage-first heap   total 230400K, used 182127K [0x00000000c0000000, 0x0000000100000000)
  region size 1024K, 25 young (25600K), 5 survivors (5120K)
 Metaspace       used 93164K, committed 93760K, reserved 1130496K
  class space    used 12893K, committed 13184K, reserved 1048576K
}
Event: 15.375 GC heap after
{Heap after GC invocations=56 (full 0):
 garbage-first heap   total 230400K, used 169647K [0x00000000c0000000, 0x0000000100000000)
  region size 1024K, 4 young (4096K), 4 survivors (4096K)
 Metaspace       used 93164K, committed 93760K, reserved 1130496K
  class space    used 12893K, committed 13184K, reserved 1048576K
}
Event: 15.498 GC heap before
{Heap before GC invocations=56 (full 0):
 garbage-first heap   total 230400K, used 187055K [0x00000000c0000000, 0x0000000100000000)
  region size 1024K, 21 young (21504K), 4 survivors (4096K)
 Metaspace       used 93655K, committed 94336K, reserved 1130496K
  class space    used 12965K, committed 13312K, reserved 1048576K
}
Event: 15.506 GC heap after
{Heap after GC invocations=57 (full 0):
 garbage-first heap   total 230400K, used 173272K [0x00000000c0000000, 0x0000000100000000)
  region size 1024K, 3 young (3072K), 3 survivors (3072K)
 Metaspace       used 93655K, committed 94336K, reserved 1130496K
  class space    used 12965K, committed 13312K, reserved 1048576K
}
Event: 15.714 GC heap before
{Heap before GC invocations=57 (full 0):
 garbage-first heap   total 230400K, used 189656K [0x00000000c0000000, 0x0000000100000000)
  region size 1024K, 19 young (19456K), 3 survivors (3072K)
 Metaspace       used 93975K, committed 94656K, reserved 1130496K
  class space    used 13032K, committed 13376K, reserved 1048576K
}
Event: 15.720 GC heap after
{Heap after GC invocations=58 (full 0):
 garbage-first heap   total 394240K, used 174923K [0x00000000c0000000, 0x0000000100000000)
  region size 1024K, 2 young (2048K), 2 survivors (2048K)
 Metaspace       used 93975K, committed 94656K, reserved 1130496K
  class space    used 13032K, committed 13376K, reserved 1048576K
}

