# JRE version: OpenJDK Runtime Environment (17.0.2+8) (build 17.0.2+8-86)
# Java VM: OpenJDK 64-Bit Server VM (17.0.2+8-86, mixed mode, sharing, tiered, compressed oops, compressed class ptrs, g1 gc, windows-amd64)
GC Precious Log:
 CPUs: 8 total, 8 available
 Memory: 32724M
 Large Page Support: Disabled
 NUMA Support: Disabled
 Compressed Oops: Enabled (32-bit)
 Heap Region Size: 1M
 Heap Min Capacity: 8M
 Heap Initial Capacity: 512M
 Heap Max Capacity: 1G
 Pre-touch: Disabled
 Parallel Workers: 8
 Concurrent Workers: 2
 Concurrent Refinement Workers: 8
 Periodic GC: Disabled
Heap:
 garbage-first heap   total 345088K, used 276326K [0x00000000c0000000, 0x0000000100000000)
  region size 1024K, 78 young (79872K), 5 survivors (5120K)
 Metaspace       used 116854K, committed 118144K, reserved 1155072K
  class space    used 15527K, committed 16192K, reserved 1048576K
GC Heap History (20 events):
Event: 18.491 GC heap before
{Heap before GC invocations=40 (full 0):
 garbage-first heap   total 345088K, used 264479K [0x00000000c0000000, 0x0000000100000000)
  region size 1024K, 82 young (83968K), 2 survivors (2048K)
 Metaspace       used 86082K, committed 86784K, reserved 1130496K
  class space    used 11524K, committed 11904K, reserved 1048576K
}
Event: 18.494 GC heap after
{Heap after GC invocations=41 (full 0):
 garbage-first heap   total 345088K, used 180941K [0x00000000c0000000, 0x0000000100000000)
  region size 1024K, 2 young (2048K), 2 survivors (2048K)
 Metaspace       used 86082K, committed 86784K, reserved 1130496K
  class space    used 11524K, committed 11904K, reserved 1048576K
}
Event: 18.567 GC heap before
{Heap before GC invocations=41 (full 0):
 garbage-first heap   total 345088K, used 194253K [0x00000000c0000000, 0x0000000100000000)
  region size 1024K, 16 young (16384K), 2 survivors (2048K)
 Metaspace       used 86110K, committed 86848K, reserved 1130496K
  class space    used 11524K, committed 11904K, reserved 1048576K
}
Event: 18.577 GC heap after
{Heap after GC invocations=42 (full 0):
 garbage-first heap   total 345088K, used 156032K [0x00000000c0000000, 0x0000000100000000)
  region size 1024K, 2 young (2048K), 2 survivors (2048K)
 Metaspace       used 86110K, committed 86848K, reserved 1130496K
  class space    used 11524K, committed 11904K, reserved 1048576K
}
Event: 233.494 GC heap before
{Heap before GC invocations=42 (full 0):
 garbage-first heap   total 345088K, used 287104K [0x00000000c0000000, 0x0000000100000000)
  region size 1024K, 103 young (105472K), 2 survivors (2048K)
 Metaspace       used 93890K, committed 94656K, reserved 1130496K
  class space    used 12515K, committed 12928K, reserved 1048576K
}
Event: 233.500 GC heap after
{Heap after GC invocations=43 (full 0):
 garbage-first heap   total 345088K, used 163411K [0x00000000c0000000, 0x0000000100000000)
  region size 1024K, 10 young (10240K), 10 survivors (10240K)
 Metaspace       used 93890K, committed 94656K, reserved 1130496K
  class space    used 12515K, committed 12928K, reserved 1048576K
}
Event: 235.409 GC heap before
{Heap before GC invocations=43 (full 0):
 garbage-first heap   total 345088K, used 265811K [0x00000000c0000000, 0x0000000100000000)
  region size 1024K, 110 young (112640K), 10 survivors (10240K)
 Metaspace       used 101621K, committed 102464K, reserved 1138688K
  class space    used 13569K, committed 14016K, reserved 1048576K
}
Event: 235.419 GC heap after
{Heap after GC invocations=44 (full 0):
 garbage-first heap   total 345088K, used 170990K [0x00000000c0000000, 0x0000000100000000)
  region size 1024K, 8 young (8192K), 8 survivors (8192K)
 Metaspace       used 101621K, committed 102464K, reserved 1138688K
  class space    used 13569K, committed 14016K, reserved 1048576K
}
Event: 237.572 GC heap before
{Heap before GC invocations=44 (full 0):
 garbage-first heap   total 345088K, used 273390K [0x00000000c0000000, 0x0000000100000000)
  region size 1024K, 107 young (109568K), 8 survivors (8192K)
 Metaspace       used 109110K, committed 109952K, reserved 1146880K
  class space    used 14624K, committed 15040K, reserved 1048576K
}
Event: 237.581 GC heap after
{Heap after GC invocations=45 (full 0):
 garbage-first heap   total 345088K, used 178667K [0x00000000c0000000, 0x0000000100000000)
  region size 1024K, 14 young (14336K), 14 survivors (14336K)
 Metaspace       used 109110K, committed 109952K, reserved 1146880K
  class space    used 14624K, committed 15040K, reserved 1048576K
}
Event: 577.271 GC heap before
{Heap before GC invocations=45 (full 0):
 garbage-first heap   total 345088K, used 276971K [0x00000000c0000000, 0x0000000100000000)
  region size 1024K, 110 young (112640K), 14 survivors (14336K)
 Metaspace       used 112603K, committed 113408K, reserved 1146880K
  class space    used 15051K, committed 15488K, reserved 1048576K
}
Event: 577.282 GC heap after
{Heap after GC invocations=46 (full 0):
 garbage-first heap   total 345088K, used 184939K [0x00000000c0000000, 0x0000000100000000)
  region size 1024K, 7 young (7168K), 7 survivors (7168K)
 Metaspace       used 112603K, committed 113408K, reserved 1146880K
  class space    used 15051K, committed 15488K, reserved 1048576K
}
Event: 582.175 GC heap before
{Heap before GC invocations=46 (full 0):
 garbage-first heap   total 345088K, used 281195K [0x00000000c0000000, 0x0000000100000000)
  region size 1024K, 101 young (103424K), 7 survivors (7168K)
 Metaspace       used 115156K, committed 116160K, reserved 1155072K
  class space    used 15350K, committed 15872K, reserved 1048576K
}
Event: 582.185 GC heap after
{Heap after GC invocations=47 (full 0):
 garbage-first heap   total 345088K, used 192213K [0x00000000c0000000, 0x0000000100000000)
  region size 1024K, 13 young (13312K), 13 survivors (13312K)
 Metaspace       used 115156K, committed 116160K, reserved 1155072K
  class space    used 15350K, committed 15872K, reserved 1048576K
}
Event: 715.572 GC heap before
{Heap before GC invocations=47 (full 0):
 garbage-first heap   total 345088K, used 290517K [0x00000000c0000000, 0x0000000100000000)
  region size 1024K, 102 young (104448K), 13 survivors (13312K)
 Metaspace       used 115574K, committed 116608K, reserved 1155072K
  class space    used 15389K, committed 15936K, reserved 1048576K
}
Event: 715.580 GC heap after
{Heap after GC invocations=48 (full 0):
 garbage-first heap   total 345088K, used 195960K [0x00000000c0000000, 0x0000000100000000)
  region size 1024K, 5 young (5120K), 5 survivors (5120K)
 Metaspace       used 115574K, committed 116608K, reserved 1155072K
  class space    used 15389K, committed 15936K, reserved 1048576K
}
Event: 782.736 GC heap before
{Heap before GC invocations=48 (full 0):
 garbage-first heap   total 345088K, used 294264K [0x00000000c0000000, 0x0000000100000000)
  region size 1024K, 94 young (96256K), 5 survivors (5120K)
 Metaspace       used 116033K, committed 117120K, reserved 1155072K
  class space    used 15432K, committed 16000K, reserved 1048576K
}
Event: 782.739 GC heap after
{Heap after GC invocations=49 (full 0):
 garbage-first heap   total 345088K, used 195694K [0x00000000c0000000, 0x0000000100000000)
  region size 1024K, 5 young (5120K), 5 survivors (5120K)
 Metaspace       used 116033K, committed 117120K, reserved 1155072K
  class space    used 15432K, committed 16000K, reserved 1048576K
}
Event: 925.365 GC heap before
{Heap before GC invocations=49 (full 0):
 garbage-first heap   total 345088K, used 295022K [0x00000000c0000000, 0x0000000100000000)
  region size 1024K, 95 young (97280K), 5 survivors (5120K)
 Metaspace       used 116208K, committed 117312K, reserved 1155072K
  class space    used 15434K, committed 16000K, reserved 1048576K
}
Event: 925.368 GC heap after
{Heap after GC invocations=50 (full 0):
 garbage-first heap   total 345088K, used 195430K [0x00000000c0000000, 0x0000000100000000)
  region size 1024K, 5 young (5120K), 5 survivors (5120K)
 Metaspace       used 116208K, committed 117312K, reserved 1155072K
  class space    used 15434K, committed 16000K, reserved 1048576K
}

